Line 40: Class MSAdodcLib.Adodc of control database was not a loaded control class.
Line 46: The property name _ExtentX in database is invalid.
Line 47: The property name _ExtentY in database is invalid.
Line 48: The property name ConnectMode in database is invalid.
Line 49: The property name CursorLocation in database is invalid.
Line 50: The property name IsolationLevel in database is invalid.
Line 51: The property name ConnectionTimeout in database is invalid.
Line 52: The property name CommandTimeout in database is invalid.
Line 53: The property name CursorType in database is invalid.
Line 54: The property name LockType in database is invalid.
Line 55: The property name CommandType in database is invalid.
Line 56: The property name CursorOptions in database is invalid.
Line 57: The property name CacheSize in database is invalid.
Line 58: The property name MaxRecords in database is invalid.
Line 59: The property name BOFAction in database is invalid.
Line 60: The property name EOFAction in database is invalid.
Line 61: The property name ConnectStringType in database is invalid.
Line 65: The property name Orientation in database is invalid.
Line 67: The property name Connect in database is invalid.
Line 68: The property name OLEDBString in database is invalid.
Line 69: The property name OLEDBFile in database is invalid.
Line 70: The property name DataSourceName in database is invalid.
Line 71: The property name OtherAttributes in database is invalid.
Line 72: The property name UserName in database is invalid.
Line 73: The property name Password in database is invalid.
Line 74: The property name RecordSource in database is invalid.
Line 75: The property name Caption in database is invalid.
Line 85: The property name _Version in database is invalid.
