Line 19: Class MSAdodcLib.Adodc of control employee was not a loaded control class.
Line 25: The property name _ExtentX in employee is invalid.
Line 26: The property name _ExtentY in employee is invalid.
Line 27: The property name ConnectMode in employee is invalid.
Line 28: The property name CursorLocation in employee is invalid.
Line 29: The property name IsolationLevel in employee is invalid.
Line 30: The property name ConnectionTimeout in employee is invalid.
Line 31: The property name CommandTimeout in employee is invalid.
Line 32: The property name CursorType in employee is invalid.
Line 33: The property name LockType in employee is invalid.
Line 34: The property name CommandType in employee is invalid.
Line 35: The property name CursorOptions in employee is invalid.
Line 36: The property name CacheSize in employee is invalid.
Line 37: The property name MaxRecords in employee is invalid.
Line 38: The property name BOFAction in employee is invalid.
Line 39: The property name EOFAction in employee is invalid.
Line 40: The property name ConnectStringType in employee is invalid.
Line 44: The property name Orientation in employee is invalid.
Line 46: The property name Connect in employee is invalid.
Line 47: The property name OLEDBString in employee is invalid.
Line 48: The property name OLEDBFile in employee is invalid.
Line 49: The property name DataSourceName in employee is invalid.
Line 50: The property name OtherAttributes in employee is invalid.
Line 51: The property name UserName in employee is invalid.
Line 52: The property name Password in employee is invalid.
Line 53: The property name RecordSource in employee is invalid.
Line 54: The property name Caption in employee is invalid.
Line 64: The property name _Version in employee is invalid.
